<?xml version="1.0" encoding="UTF-8"?>
<!-- Generated by org.testng.reporters.JUnitReportReporter -->
<testsuite skipped="0" hostname="WINCTRL-B6I1F7E" name="functionality.loginTest" tests="1" failures="0" timestamp="2020-04-04T21:15:25 IST" time="38.465" errors="0">
  <testcase name="loginSuccessful" time="38.465" classname="functionality.loginTest"/>
  <system-out/>
</testsuite> <!-- functionality.loginTest -->
