<?xml version="1.0" encoding="UTF-8"?>
<!-- Generated by org.testng.reporters.JUnitReportReporter -->
<testsuite skipped="0" hostname="WINCTRL-B6I1F7E" name="functionality.loginPageTest" tests="1" failures="0" timestamp="2020-05-15T11:08:33 IST" time="13.768" errors="0">
  <testcase name="LoginPageScenarioTest" time="13.768" classname="functionality.loginPageTest"/>
  <system-out/>
</testsuite> <!-- functionality.loginPageTest -->
